2024-06-25 22:06:145 INFO  HomePage :21 - Get computers text[[ChromeDriver: chrome on windows (1a5889b6218197872d784b5259c76ec0)] -> link text: Computers]
2024-06-25 22:06:350 INFO  HomePage :26 - Click on desktop[[ChromeDriver: chrome on windows (2975734238e044eacf53c046df5625e8)] -> xpath: //a[text()=' Desktops ']]
2024-06-25 22:06:945 INFO  HomePage :22 - Get desktop text[[ChromeDriver: chrome on windows (2975734238e044eacf53c046df5625e8)] -> link text: Desktops]
2024-06-25 22:06:235 INFO  HomePage :26 - Click on desktop[[ChromeDriver: chrome on windows (4af622ef6ee2afd8633284ab584889f6)] -> xpath: //a[text()=' Desktops ']]
2024-06-25 22:06:449 INFO  HomePage :28 - Clicking on build your own computer link : [[ChromeDriver: chrome on windows (4af622ef6ee2afd8633284ab584889f6)] -> link text: Build your own computer]
2024-06-25 22:06:732 INFO  BuildYourOwnComputerPage :43 - Select Processor[[ChromeDriver: chrome on windows (4af622ef6ee2afd8633284ab584889f6)] -> id: product_attribute_1]
2024-06-25 22:06:963 INFO  BuildYourOwnComputerPage :49 - Select ram[[ChromeDriver: chrome on windows (4af622ef6ee2afd8633284ab584889f6)] -> id: product_attribute_2]
2024-06-25 22:06:969 INFO  BuildYourOwnComputerPage :65 - Select HDD
2024-06-25 22:06:106 INFO  BuildYourOwnComputerPage :70 - Select OS
2024-06-25 22:06:281 INFO  BuildYourOwnComputerPage :75 - Select Software
2024-06-25 22:06:606 INFO  BuildYourOwnComputerPage :54 - Clicking on add to cart button : [[ChromeDriver: chrome on windows (4af622ef6ee2afd8633284ab584889f6)] -> id: add-to-cart-button-1]
2024-06-25 22:06:863 INFO  BuildYourOwnComputerPage :59 - Get add to cart text[[ChromeDriver: chrome on windows (4af622ef6ee2afd8633284ab584889f6)] -> xpath: //body/div[@id='bar-notification']/div[1]/p[1]]
2024-06-25 22:06:307 INFO  HomePage :26 - Click on desktop[[ChromeDriver: chrome on windows (8684f808355b8d25a40925921bb7c508)] -> xpath: //a[text()=' Desktops ']]
2024-06-25 22:06:622 INFO  HomePage :28 - Clicking on build your own computer link : [[ChromeDriver: chrome on windows (8684f808355b8d25a40925921bb7c508)] -> link text: Build your own computer]
2024-06-25 22:06:764 INFO  BuildYourOwnComputerPage :43 - Select Processor[[ChromeDriver: chrome on windows (8684f808355b8d25a40925921bb7c508)] -> id: product_attribute_1]
2024-06-25 22:06:931 INFO  BuildYourOwnComputerPage :49 - Select ram[[ChromeDriver: chrome on windows (8684f808355b8d25a40925921bb7c508)] -> id: product_attribute_2]
2024-06-25 22:06:935 INFO  BuildYourOwnComputerPage :65 - Select HDD
2024-06-25 22:06:33 INFO  BuildYourOwnComputerPage :70 - Select OS
2024-06-25 22:06:135 INFO  BuildYourOwnComputerPage :75 - Select Software
2024-06-25 22:06:300 INFO  BuildYourOwnComputerPage :54 - Clicking on add to cart button : [[ChromeDriver: chrome on windows (8684f808355b8d25a40925921bb7c508)] -> id: add-to-cart-button-1]
2024-06-25 22:06:586 INFO  BuildYourOwnComputerPage :59 - Get add to cart text[[ChromeDriver: chrome on windows (8684f808355b8d25a40925921bb7c508)] -> xpath: //body/div[@id='bar-notification']/div[1]/p[1]]
2024-06-25 22:06:475 INFO  HomePage :26 - Click on desktop[[ChromeDriver: chrome on windows (86191e188d5df406728d14a6c5721a07)] -> xpath: //a[text()=' Desktops ']]
2024-06-25 22:06:728 INFO  HomePage :28 - Clicking on build your own computer link : [[ChromeDriver: chrome on windows (86191e188d5df406728d14a6c5721a07)] -> link text: Build your own computer]
2024-06-25 22:06:956 INFO  BuildYourOwnComputerPage :43 - Select Processor[[ChromeDriver: chrome on windows (86191e188d5df406728d14a6c5721a07)] -> id: product_attribute_1]
2024-06-25 22:06:121 INFO  BuildYourOwnComputerPage :49 - Select ram[[ChromeDriver: chrome on windows (86191e188d5df406728d14a6c5721a07)] -> id: product_attribute_2]
2024-06-25 22:06:133 INFO  BuildYourOwnComputerPage :65 - Select HDD
2024-06-25 22:06:252 INFO  BuildYourOwnComputerPage :70 - Select OS
2024-06-25 22:06:348 INFO  BuildYourOwnComputerPage :75 - Select Software
2024-06-25 22:06:537 INFO  BuildYourOwnComputerPage :54 - Clicking on add to cart button : [[ChromeDriver: chrome on windows (86191e188d5df406728d14a6c5721a07)] -> id: add-to-cart-button-1]
2024-06-25 22:06:932 INFO  BuildYourOwnComputerPage :59 - Get add to cart text[[ChromeDriver: chrome on windows (86191e188d5df406728d14a6c5721a07)] -> xpath: //body/div[@id='bar-notification']/div[1]/p[1]]
2024-06-25 22:06:84 INFO  HomePage :21 - Get computers text[[ChromeDriver: chrome on windows (dda0977ff4cb38678b4f7238989209ae)] -> link text: Computers]
2024-06-25 22:06:998 INFO  HomePage :26 - Click on desktop[[ChromeDriver: chrome on windows (893e4d0079fd0e86eb4f6caf6c4c4513)] -> xpath: //a[text()=' Desktops ']]
2024-06-25 22:06:571 INFO  HomePage :22 - Get desktop text[[ChromeDriver: chrome on windows (893e4d0079fd0e86eb4f6caf6c4c4513)] -> link text: Desktops]
2024-06-25 22:06:179 INFO  HomePage :26 - Click on desktop[[ChromeDriver: chrome on windows (8968d0e5ff1e384173a65a21dd3bd8d7)] -> xpath: //a[text()=' Desktops ']]
2024-06-25 22:06:479 INFO  HomePage :28 - Clicking on build your own computer link : [[ChromeDriver: chrome on windows (8968d0e5ff1e384173a65a21dd3bd8d7)] -> link text: Build your own computer]
2024-06-25 22:06:732 INFO  BuildYourOwnComputerPage :43 - Select Processor[[ChromeDriver: chrome on windows (8968d0e5ff1e384173a65a21dd3bd8d7)] -> id: product_attribute_1]
2024-06-25 22:06:943 INFO  BuildYourOwnComputerPage :49 - Select ram[[ChromeDriver: chrome on windows (8968d0e5ff1e384173a65a21dd3bd8d7)] -> id: product_attribute_2]
2024-06-25 22:06:951 INFO  BuildYourOwnComputerPage :65 - Select HDD
2024-06-25 22:06:97 INFO  BuildYourOwnComputerPage :70 - Select OS
2024-06-25 22:06:197 INFO  BuildYourOwnComputerPage :75 - Select Software
2024-06-25 22:06:382 INFO  BuildYourOwnComputerPage :54 - Clicking on add to cart button : [[ChromeDriver: chrome on windows (8968d0e5ff1e384173a65a21dd3bd8d7)] -> id: add-to-cart-button-1]
2024-06-25 22:06:683 INFO  BuildYourOwnComputerPage :59 - Get add to cart text[[ChromeDriver: chrome on windows (8968d0e5ff1e384173a65a21dd3bd8d7)] -> xpath: //body/div[@id='bar-notification']/div[1]/p[1]]
2024-06-25 22:06:619 INFO  HomePage :26 - Click on desktop[[ChromeDriver: chrome on windows (b01b690b7dc13c9e463de8b072463548)] -> xpath: //a[text()=' Desktops ']]
2024-06-25 22:06:928 INFO  HomePage :28 - Clicking on build your own computer link : [[ChromeDriver: chrome on windows (b01b690b7dc13c9e463de8b072463548)] -> link text: Build your own computer]
2024-06-25 22:06:113 INFO  BuildYourOwnComputerPage :43 - Select Processor[[ChromeDriver: chrome on windows (b01b690b7dc13c9e463de8b072463548)] -> id: product_attribute_1]
2024-06-25 22:06:326 INFO  BuildYourOwnComputerPage :49 - Select ram[[ChromeDriver: chrome on windows (b01b690b7dc13c9e463de8b072463548)] -> id: product_attribute_2]
2024-06-25 22:06:331 INFO  BuildYourOwnComputerPage :65 - Select HDD
2024-06-25 22:06:405 INFO  BuildYourOwnComputerPage :70 - Select OS
2024-06-25 22:06:484 INFO  BuildYourOwnComputerPage :75 - Select Software
2024-06-25 22:06:697 INFO  BuildYourOwnComputerPage :54 - Clicking on add to cart button : [[ChromeDriver: chrome on windows (b01b690b7dc13c9e463de8b072463548)] -> id: add-to-cart-button-1]
2024-06-25 22:06:41 INFO  BuildYourOwnComputerPage :59 - Get add to cart text[[ChromeDriver: chrome on windows (b01b690b7dc13c9e463de8b072463548)] -> xpath: //body/div[@id='bar-notification']/div[1]/p[1]]
2024-06-25 22:06:516 INFO  HomePage :26 - Click on desktop[[ChromeDriver: chrome on windows (53a1a1443460cf4f9f6aa778f38b1b8e)] -> xpath: //a[text()=' Desktops ']]
2024-06-25 22:06:959 INFO  HomePage :28 - Clicking on build your own computer link : [[ChromeDriver: chrome on windows (53a1a1443460cf4f9f6aa778f38b1b8e)] -> link text: Build your own computer]
2024-06-25 22:06:215 INFO  BuildYourOwnComputerPage :43 - Select Processor[[ChromeDriver: chrome on windows (53a1a1443460cf4f9f6aa778f38b1b8e)] -> id: product_attribute_1]
2024-06-25 22:06:391 INFO  BuildYourOwnComputerPage :49 - Select ram[[ChromeDriver: chrome on windows (53a1a1443460cf4f9f6aa778f38b1b8e)] -> id: product_attribute_2]
2024-06-25 22:06:396 INFO  BuildYourOwnComputerPage :65 - Select HDD
2024-06-25 22:06:494 INFO  BuildYourOwnComputerPage :70 - Select OS
2024-06-25 22:06:560 INFO  BuildYourOwnComputerPage :75 - Select Software
2024-06-25 22:06:742 INFO  BuildYourOwnComputerPage :54 - Clicking on add to cart button : [[ChromeDriver: chrome on windows (53a1a1443460cf4f9f6aa778f38b1b8e)] -> id: add-to-cart-button-1]
2024-06-25 22:06:36 INFO  BuildYourOwnComputerPage :59 - Get add to cart text[[ChromeDriver: chrome on windows (53a1a1443460cf4f9f6aa778f38b1b8e)] -> xpath: //body/div[@id='bar-notification']/div[1]/p[1]]
2024-06-25 22:06:522 INFO  HomePage :35 - Clicking on login link : [[ChromeDriver: chrome on windows (bde0b2ac275857001c72570a5e590a92)] -> link text: Log in]
2024-06-25 22:06:590 INFO  LoginPage :45 - Getting text from : [[ChromeDriver: chrome on windows (bde0b2ac275857001c72570a5e590a92)] -> xpath: //h1[contains(text(),'Welcome, Please Sign In!')]]
2024-06-25 22:06:591 INFO  HomePage :35 - Clicking on login link : [[ChromeDriver: chrome on windows (17924c523aab13b37217f2d20adbf126)] -> link text: Log in]
2024-06-25 22:06:98 INFO  LoginPage :51 - Enter EmailField : [[ChromeDriver: chrome on windows (17924c523aab13b37217f2d20adbf126)] -> id: Email]
2024-06-25 22:06:302 INFO  LoginPage :56 - Enter PassWordField : [[ChromeDriver: chrome on windows (17924c523aab13b37217f2d20adbf126)] -> name: Password]
2024-06-25 22:06:866 INFO  LoginPage :61 - Clicking on login link : [[ChromeDriver: chrome on windows (17924c523aab13b37217f2d20adbf126)] -> xpath: //button[contains(text(),'Log in')]]
2024-06-25 22:06:894 INFO  LoginPage :65 - Getting error message from : [[ChromeDriver: chrome on windows (17924c523aab13b37217f2d20adbf126)] -> xpath: //div[@class='message-error validation-summary-errors']]
2024-06-25 22:06:317 INFO  HomePage :35 - Clicking on login link : [[ChromeDriver: chrome on windows (5bd13544f360301f773ca3364353d686)] -> link text: Log in]
2024-06-25 22:06:747 INFO  LoginPage :51 - Enter EmailField : [[ChromeDriver: chrome on windows (5bd13544f360301f773ca3364353d686)] -> id: Email]
2024-06-25 22:06:01 INFO  LoginPage :56 - Enter PassWordField : [[ChromeDriver: chrome on windows (5bd13544f360301f773ca3364353d686)] -> name: Password]
2024-06-25 22:06:510 INFO  LoginPage :61 - Clicking on login link : [[ChromeDriver: chrome on windows (5bd13544f360301f773ca3364353d686)] -> xpath: //button[contains(text(),'Log in')]]
2024-06-25 22:06:550 INFO  LoginPage :65 - Getting error message from : [[ChromeDriver: chrome on windows (5bd13544f360301f773ca3364353d686)] -> xpath: //div[@class='message-error validation-summary-errors']]
2024-06-25 22:06:158 INFO  HomePage :35 - Clicking on login link : [[ChromeDriver: chrome on windows (4c84f773c153d418aa15df37064f029b)] -> link text: Log in]
2024-06-25 22:06:633 INFO  LoginPage :51 - Enter EmailField : [[ChromeDriver: chrome on windows (4c84f773c153d418aa15df37064f029b)] -> id: Email]
2024-06-25 22:06:947 INFO  LoginPage :56 - Enter PassWordField : [[ChromeDriver: chrome on windows (4c84f773c153d418aa15df37064f029b)] -> name: Password]
2024-06-25 22:06:514 INFO  LoginPage :61 - Clicking on login link : [[ChromeDriver: chrome on windows (4c84f773c153d418aa15df37064f029b)] -> xpath: //button[contains(text(),'Log in')]]
2024-06-25 22:06:552 INFO  LoginPage :65 - Getting error message from : [[ChromeDriver: chrome on windows (4c84f773c153d418aa15df37064f029b)] -> xpath: //div[@class='message-error validation-summary-errors']]
2024-06-25 22:06:559 INFO  HomePage :35 - Clicking on login link : [[ChromeDriver: chrome on windows (78a925f33ddd130aea9d616482bb0607)] -> link text: Log in]
2024-06-25 22:06:851 INFO  LoginPage :51 - Enter EmailField : [[ChromeDriver: chrome on windows (78a925f33ddd130aea9d616482bb0607)] -> id: Email]
2024-06-25 22:06:63 INFO  LoginPage :56 - Enter PassWordField : [[ChromeDriver: chrome on windows (78a925f33ddd130aea9d616482bb0607)] -> name: Password]
2024-06-25 22:06:561 INFO  LoginPage :61 - Clicking on login link : [[ChromeDriver: chrome on windows (78a925f33ddd130aea9d616482bb0607)] -> xpath: //button[contains(text(),'Log in')]]
2024-06-25 22:06:624 INFO  LoginPage :71 - Getting text from : Proxy element for: DefaultElementLocator 'By.xpath: //a[normalize-space()='Log out']'
2024-06-25 22:06:447 INFO  HomePage :35 - Clicking on login link : [[ChromeDriver: chrome on windows (2a9318458b1ad397feda78d563552ebc)] -> link text: Log in]
2024-06-25 22:06:769 INFO  LoginPage :51 - Enter EmailField : [[ChromeDriver: chrome on windows (2a9318458b1ad397feda78d563552ebc)] -> id: Email]
2024-06-25 22:06:954 INFO  LoginPage :56 - Enter PassWordField : [[ChromeDriver: chrome on windows (2a9318458b1ad397feda78d563552ebc)] -> name: Password]
2024-06-25 22:06:411 INFO  LoginPage :61 - Clicking on login link : [[ChromeDriver: chrome on windows (2a9318458b1ad397feda78d563552ebc)] -> xpath: //button[contains(text(),'Log in')]]
2024-06-25 22:06:268 INFO  HomePage :40 - Clicking on register link : [[ChromeDriver: chrome on windows (3be1864a23a2fca7717d115e37d0ebef)] -> link text: Register]
2024-06-25 22:06:325 INFO  LoginPage :71 - Getting text from : [[ChromeDriver: chrome on windows (3be1864a23a2fca7717d115e37d0ebef)] -> xpath: //h1[normalize-space()='Register']]
2024-06-25 22:06:43 INFO  HomePage :40 - Clicking on register link : [[ChromeDriver: chrome on windows (9172cabb3bcb929c1722282e3e43e09b)] -> link text: Register]
2024-06-25 22:06:229 INFO  LoginPage :78 - Clicking on register button : [[ChromeDriver: chrome on windows (9172cabb3bcb929c1722282e3e43e09b)] -> id: register-button]
2024-06-25 22:06:265 INFO  LoginPage :89 - Getting text from : [[ChromeDriver: chrome on windows (9172cabb3bcb929c1722282e3e43e09b)] -> id: FirstName-error]
2024-06-25 22:06:318 INFO  LoginPage :94 - Getting text from : [[ChromeDriver: chrome on windows (9172cabb3bcb929c1722282e3e43e09b)] -> id: LastName-error]
2024-06-25 22:06:362 INFO  LoginPage :100 - Getting text from : [[ChromeDriver: chrome on windows (9172cabb3bcb929c1722282e3e43e09b)] -> id: Email-error]
2024-06-25 22:06:399 INFO  LoginPage :112 - Getting text from : [[ChromeDriver: chrome on windows (9172cabb3bcb929c1722282e3e43e09b)] -> id: ConfirmPassword-error]
2024-06-25 22:06:429 INFO  LoginPage :112 - Getting text from : [[ChromeDriver: chrome on windows (9172cabb3bcb929c1722282e3e43e09b)] -> id: ConfirmPassword-error]
2024-06-25 22:06:47 INFO  HomePage :40 - Clicking on register link : [[ChromeDriver: chrome on windows (23eff99d91cc57c0267912c4928b52b3)] -> link text: Register]
2024-06-25 22:06:284 INFO  LoginPage :119 - Clicking on gender tab : [[ChromeDriver: chrome on windows (23eff99d91cc57c0267912c4928b52b3)] -> id: gender]
2024-06-25 22:06:339 INFO  LoginPage :124 - Enter FirstName : [[ChromeDriver: chrome on windows (23eff99d91cc57c0267912c4928b52b3)] -> id: FirstName]
2024-06-25 22:06:649 INFO  LoginPage :130 - Enter LastName : [[ChromeDriver: chrome on windows (23eff99d91cc57c0267912c4928b52b3)] -> id: LastName]
2024-06-25 22:06:857 INFO  LoginPage :135 - Select date[[ChromeDriver: chrome on windows (23eff99d91cc57c0267912c4928b52b3)] -> name: DateOfBirthDay]
2024-06-25 22:06:115 INFO  LoginPage :140 - Select month[[ChromeDriver: chrome on windows (23eff99d91cc57c0267912c4928b52b3)] -> name: DateOfBirthMonth]
2024-06-25 22:06:264 INFO  LoginPage :145 - Select year[[ChromeDriver: chrome on windows (23eff99d91cc57c0267912c4928b52b3)] -> name: DateOfBirthYear]
2024-06-25 22:06:667 INFO  LoginPage :151 - Enter EmailField : [[ChromeDriver: chrome on windows (23eff99d91cc57c0267912c4928b52b3)] -> id: Email]
2024-06-25 22:06:857 INFO  LoginPage :157 - Enter PassWordField : [[ChromeDriver: chrome on windows (23eff99d91cc57c0267912c4928b52b3)] -> id: Password]
2024-06-25 22:06:94 INFO  LoginPage :162 - Enter ConfirmPassWordField : [[ChromeDriver: chrome on windows (23eff99d91cc57c0267912c4928b52b3)] -> id: ConfirmPassword]
2024-06-25 22:06:798 INFO  LoginPage :78 - Clicking on register button : [[ChromeDriver: chrome on windows (23eff99d91cc57c0267912c4928b52b3)] -> id: register-button]
2024-06-25 22:06:825 INFO  LoginPage :166 - Get registration Message : [[ChromeDriver: chrome on windows (23eff99d91cc57c0267912c4928b52b3)] -> xpath: //div[text()='Your registration completed']]
